<?xml version="1.0" encoding="UTF-8"?>
<testsuite xmlns:xsi="http://www.w3.org/2001/XMLSchema-instance" xsi:noNamespaceSchemaLocation="https://maven.apache.org/surefire/maven-surefire-plugin/xsd/surefire-test-report-3.0.xsd" version="3.0" name="runner.RunCucumber" time="83.957" tests="1" errors="0" skipped="0" failures="0">
  <properties>
    <property name="sun.desktop" value="windows"/>
    <property name="awt.toolkit" value="sun.awt.windows.WToolkit"/>
    <property name="file.encoding.pkg" value="sun.io"/>
    <property name="java.specification.version" value="1.8"/>
    <property name="sun.cpu.isalist" value="amd64"/>
    <property name="sun.jnu.encoding" value="Cp1252"/>
    <property name="java.class.path" value="C:\Users\thiag\OneDrive\Documentos\Lyon\00. Cursos\99. Treinando automação\SoftExpert\target\test-classes;C:\Users\thiag\OneDrive\Documentos\Lyon\00. Cursos\99. Treinando automação\SoftExpert\target\classes;C:\Users\thiag\.m2\repository\org\seleniumhq\selenium\selenium-java\3.141.59\selenium-java-3.141.59.jar;C:\Users\thiag\.m2\repository\org\seleniumhq\selenium\selenium-api\3.141.59\selenium-api-3.141.59.jar;C:\Users\thiag\.m2\repository\org\seleniumhq\selenium\selenium-chrome-driver\3.141.59\selenium-chrome-driver-3.141.59.jar;C:\Users\thiag\.m2\repository\org\seleniumhq\selenium\selenium-edge-driver\3.141.59\selenium-edge-driver-3.141.59.jar;C:\Users\thiag\.m2\repository\org\seleniumhq\selenium\selenium-firefox-driver\3.141.59\selenium-firefox-driver-3.141.59.jar;C:\Users\thiag\.m2\repository\org\seleniumhq\selenium\selenium-ie-driver\3.141.59\selenium-ie-driver-3.141.59.jar;C:\Users\thiag\.m2\repository\org\seleniumhq\selenium\selenium-opera-driver\3.141.59\selenium-opera-driver-3.141.59.jar;C:\Users\thiag\.m2\repository\org\seleniumhq\selenium\selenium-remote-driver\3.141.59\selenium-remote-driver-3.141.59.jar;C:\Users\thiag\.m2\repository\org\seleniumhq\selenium\selenium-safari-driver\3.141.59\selenium-safari-driver-3.141.59.jar;C:\Users\thiag\.m2\repository\org\seleniumhq\selenium\selenium-support\3.141.59\selenium-support-3.141.59.jar;C:\Users\thiag\.m2\repository\net\bytebuddy\byte-buddy\1.8.15\byte-buddy-1.8.15.jar;C:\Users\thiag\.m2\repository\org\apache\commons\commons-exec\1.3\commons-exec-1.3.jar;C:\Users\thiag\.m2\repository\com\google\guava\guava\25.0-jre\guava-25.0-jre.jar;C:\Users\thiag\.m2\repository\com\google\code\findbugs\jsr305\1.3.9\jsr305-1.3.9.jar;C:\Users\thiag\.m2\repository\org\checkerframework\checker-compat-qual\2.0.0\checker-compat-qual-2.0.0.jar;C:\Users\thiag\.m2\repository\com\google\errorprone\error_prone_annotations\2.1.3\error_prone_annotations-2.1.3.jar;C:\Users\thiag\.m2\repository\com\google\j2objc\j2objc-annotations\1.1\j2objc-annotations-1.1.jar;C:\Users\thiag\.m2\repository\org\codehaus\mojo\animal-sniffer-annotations\1.14\animal-sniffer-annotations-1.14.jar;C:\Users\thiag\.m2\repository\com\squareup\okhttp3\okhttp\3.11.0\okhttp-3.11.0.jar;C:\Users\thiag\.m2\repository\com\squareup\okio\okio\1.14.0\okio-1.14.0.jar;C:\Users\thiag\.m2\repository\io\cucumber\cucumber-junit\2.3.1\cucumber-junit-2.3.1.jar;C:\Users\thiag\.m2\repository\io\cucumber\cucumber-core\2.3.1\cucumber-core-2.3.1.jar;C:\Users\thiag\.m2\repository\info\cukes\cucumber-html\0.2.6\cucumber-html-0.2.6.jar;C:\Users\thiag\.m2\repository\io\cucumber\cucumber-jvm-deps\1.0.6\cucumber-jvm-deps-1.0.6.jar;C:\Users\thiag\.m2\repository\io\cucumber\gherkin\5.0.0\gherkin-5.0.0.jar;C:\Users\thiag\.m2\repository\io\cucumber\tag-expressions\1.1.1\tag-expressions-1.1.1.jar;C:\Users\thiag\.m2\repository\junit\junit\4.12\junit-4.12.jar;C:\Users\thiag\.m2\repository\org\hamcrest\hamcrest-core\1.3\hamcrest-core-1.3.jar;C:\Users\thiag\.m2\repository\io\cucumber\cucumber-java\2.3.1\cucumber-java-2.3.1.jar;C:\Users\thiag\.m2\repository\com\trivago\rta\cluecumber-report-plugin\2.8.0\cluecumber-report-plugin-2.8.0.jar;C:\Users\thiag\.m2\repository\javax\inject\javax.inject\1\javax.inject-1.jar;C:\Users\thiag\.m2\repository\org\apache\maven\maven-plugin-api\3.8.4\maven-plugin-api-3.8.4.jar;C:\Users\thiag\.m2\repository\org\apache\maven\maven-model\3.8.4\maven-model-3.8.4.jar;C:\Users\thiag\.m2\repository\org\apache\maven\maven-artifact\3.8.4\maven-artifact-3.8.4.jar;C:\Users\thiag\.m2\repository\org\apache\commons\commons-lang3\3.8.1\commons-lang3-3.8.1.jar;C:\Users\thiag\.m2\repository\org\eclipse\sisu\org.eclipse.sisu.plexus\0.3.5\org.eclipse.sisu.plexus-0.3.5.jar;C:\Users\thiag\.m2\repository\javax\annotation\javax.annotation-api\1.2\javax.annotation-api-1.2.jar;C:\Users\thiag\.m2\repository\org\eclipse\sisu\org.eclipse.sisu.inject\0.3.5\org.eclipse.sisu.inject-0.3.5.jar;C:\Users\thiag\.m2\repository\org\codehaus\plexus\plexus-component-annotations\1.5.5\plexus-component-annotations-1.5.5.jar;C:\Users\thiag\.m2\repository\org\codehaus\plexus\plexus-classworlds\2.6.0\plexus-classworlds-2.6.0.jar;C:\Users\thiag\.m2\repository\com\google\code\gson\gson\2.8.9\gson-2.8.9.jar;C:\Users\thiag\.m2\repository\io\gsonfire\gson-fire\1.9.0-alpha2\gson-fire-1.9.0-alpha2.jar;C:\Users\thiag\.m2\repository\org\freemarker\freemarker\2.3.31\freemarker-2.3.31.jar;C:\Users\thiag\.m2\repository\org\codehaus\plexus\plexus-utils\3.4.1\plexus-utils-3.4.1.jar;C:\Users\thiag\.m2\repository\org\apache\maven\plugins\maven-surefire-plugin\3.0.0-M5\maven-surefire-plugin-3.0.0-M5.jar;C:\Users\thiag\.m2\repository\org\apache\maven\surefire\maven-surefire-common\3.0.0-M5\maven-surefire-common-3.0.0-M5.jar;C:\Users\thiag\.m2\repository\org\apache\maven\surefire\surefire-api\3.0.0-M5\surefire-api-3.0.0-M5.jar;C:\Users\thiag\.m2\repository\org\apache\maven\surefire\surefire-logger-api\3.0.0-M5\surefire-logger-api-3.0.0-M5.jar;C:\Users\thiag\.m2\repository\org\apache\maven\surefire\surefire-extensions-api\3.0.0-M5\surefire-extensions-api-3.0.0-M5.jar;C:\Users\thiag\.m2\repository\org\apache\maven\surefire\surefire-booter\3.0.0-M5\surefire-booter-3.0.0-M5.jar;C:\Users\thiag\.m2\repository\org\apache\maven\surefire\surefire-extensions-spi\3.0.0-M5\surefire-extensions-spi-3.0.0-M5.jar;C:\Users\thiag\.m2\repository\org\apache\maven\maven-toolchain\3.0-alpha-2\maven-toolchain-3.0-alpha-2.jar;C:\Users\thiag\.m2\repository\org\apache\maven\shared\maven-artifact-transfer\0.11.0\maven-artifact-transfer-0.11.0.jar;C:\Users\thiag\.m2\repository\org\apache\maven\shared\maven-common-artifact-filters\3.0.1\maven-common-artifact-filters-3.0.1.jar;C:\Users\thiag\.m2\repository\org\sonatype\sisu\sisu-inject-plexus\1.4.2\sisu-inject-plexus-1.4.2.jar;C:\Users\thiag\.m2\repository\org\sonatype\sisu\sisu-inject-bean\1.4.2\sisu-inject-bean-1.4.2.jar;C:\Users\thiag\.m2\repository\org\sonatype\sisu\sisu-guice\2.1.7\sisu-guice-2.1.7-noaop.jar;C:\Users\thiag\.m2\repository\org\apache\maven\shared\maven-shared-utils\3.1.0\maven-shared-utils-3.1.0.jar;C:\Users\thiag\.m2\repository\commons-io\commons-io\2.5\commons-io-2.5.jar;C:\Users\thiag\.m2\repository\commons-codec\commons-codec\1.11\commons-codec-1.11.jar;C:\Users\thiag\.m2\repository\org\codehaus\plexus\plexus-java\1.0.5\plexus-java-1.0.5.jar;C:\Users\thiag\.m2\repository\org\ow2\asm\asm\7.2\asm-7.2.jar;C:\Users\thiag\.m2\repository\com\thoughtworks\qdox\qdox\2.0-M9\qdox-2.0-M9.jar;C:\Users\thiag\.m2\repository\org\apache\maven\surefire\surefire-shared-utils\3.0.0-M4\surefire-shared-utils-3.0.0-M4.jar;"/>
    <property name="java.vm.vendor" value="Oracle Corporation"/>
    <property name="sun.arch.data.model" value="64"/>
    <property name="user.variant" value=""/>
    <property name="java.vendor.url" value="http://java.oracle.com/"/>
    <property name="user.timezone" value="America/Sao_Paulo"/>
    <property name="java.vm.specification.version" value="1.8"/>
    <property name="os.name" value="Windows 8.1"/>
    <property name="user.country" value="BR"/>
    <property name="sun.java.launcher" value="SUN_STANDARD"/>
    <property name="sun.boot.library.path" value="C:\Program Files\Java\jdk1.8.0\jre\bin"/>
    <property name="sun.java.command" value="C:\Users\thiag\AppData\Local\Temp\surefire4298775854851788185\surefirebooter4449574285066591099.jar C:\Users\thiag\AppData\Local\Temp\surefire4298775854851788185 2023-09-27T10-27-12_849-jvmRun1 surefire2827136944315959503tmp surefire_03811675828724908500tmp"/>
    <property name="test" value="RunCucumber"/>
    <property name="surefire.test.class.path" value="C:\Users\thiag\OneDrive\Documentos\Lyon\00. Cursos\99. Treinando automação\SoftExpert\target\test-classes;C:\Users\thiag\OneDrive\Documentos\Lyon\00. Cursos\99. Treinando automação\SoftExpert\target\classes;C:\Users\thiag\.m2\repository\org\seleniumhq\selenium\selenium-java\3.141.59\selenium-java-3.141.59.jar;C:\Users\thiag\.m2\repository\org\seleniumhq\selenium\selenium-api\3.141.59\selenium-api-3.141.59.jar;C:\Users\thiag\.m2\repository\org\seleniumhq\selenium\selenium-chrome-driver\3.141.59\selenium-chrome-driver-3.141.59.jar;C:\Users\thiag\.m2\repository\org\seleniumhq\selenium\selenium-edge-driver\3.141.59\selenium-edge-driver-3.141.59.jar;C:\Users\thiag\.m2\repository\org\seleniumhq\selenium\selenium-firefox-driver\3.141.59\selenium-firefox-driver-3.141.59.jar;C:\Users\thiag\.m2\repository\org\seleniumhq\selenium\selenium-ie-driver\3.141.59\selenium-ie-driver-3.141.59.jar;C:\Users\thiag\.m2\repository\org\seleniumhq\selenium\selenium-opera-driver\3.141.59\selenium-opera-driver-3.141.59.jar;C:\Users\thiag\.m2\repository\org\seleniumhq\selenium\selenium-remote-driver\3.141.59\selenium-remote-driver-3.141.59.jar;C:\Users\thiag\.m2\repository\org\seleniumhq\selenium\selenium-safari-driver\3.141.59\selenium-safari-driver-3.141.59.jar;C:\Users\thiag\.m2\repository\org\seleniumhq\selenium\selenium-support\3.141.59\selenium-support-3.141.59.jar;C:\Users\thiag\.m2\repository\net\bytebuddy\byte-buddy\1.8.15\byte-buddy-1.8.15.jar;C:\Users\thiag\.m2\repository\org\apache\commons\commons-exec\1.3\commons-exec-1.3.jar;C:\Users\thiag\.m2\repository\com\google\guava\guava\25.0-jre\guava-25.0-jre.jar;C:\Users\thiag\.m2\repository\com\google\code\findbugs\jsr305\1.3.9\jsr305-1.3.9.jar;C:\Users\thiag\.m2\repository\org\checkerframework\checker-compat-qual\2.0.0\checker-compat-qual-2.0.0.jar;C:\Users\thiag\.m2\repository\com\google\errorprone\error_prone_annotations\2.1.3\error_prone_annotations-2.1.3.jar;C:\Users\thiag\.m2\repository\com\google\j2objc\j2objc-annotations\1.1\j2objc-annotations-1.1.jar;C:\Users\thiag\.m2\repository\org\codehaus\mojo\animal-sniffer-annotations\1.14\animal-sniffer-annotations-1.14.jar;C:\Users\thiag\.m2\repository\com\squareup\okhttp3\okhttp\3.11.0\okhttp-3.11.0.jar;C:\Users\thiag\.m2\repository\com\squareup\okio\okio\1.14.0\okio-1.14.0.jar;C:\Users\thiag\.m2\repository\io\cucumber\cucumber-junit\2.3.1\cucumber-junit-2.3.1.jar;C:\Users\thiag\.m2\repository\io\cucumber\cucumber-core\2.3.1\cucumber-core-2.3.1.jar;C:\Users\thiag\.m2\repository\info\cukes\cucumber-html\0.2.6\cucumber-html-0.2.6.jar;C:\Users\thiag\.m2\repository\io\cucumber\cucumber-jvm-deps\1.0.6\cucumber-jvm-deps-1.0.6.jar;C:\Users\thiag\.m2\repository\io\cucumber\gherkin\5.0.0\gherkin-5.0.0.jar;C:\Users\thiag\.m2\repository\io\cucumber\tag-expressions\1.1.1\tag-expressions-1.1.1.jar;C:\Users\thiag\.m2\repository\junit\junit\4.12\junit-4.12.jar;C:\Users\thiag\.m2\repository\org\hamcrest\hamcrest-core\1.3\hamcrest-core-1.3.jar;C:\Users\thiag\.m2\repository\io\cucumber\cucumber-java\2.3.1\cucumber-java-2.3.1.jar;C:\Users\thiag\.m2\repository\com\trivago\rta\cluecumber-report-plugin\2.8.0\cluecumber-report-plugin-2.8.0.jar;C:\Users\thiag\.m2\repository\javax\inject\javax.inject\1\javax.inject-1.jar;C:\Users\thiag\.m2\repository\org\apache\maven\maven-plugin-api\3.8.4\maven-plugin-api-3.8.4.jar;C:\Users\thiag\.m2\repository\org\apache\maven\maven-model\3.8.4\maven-model-3.8.4.jar;C:\Users\thiag\.m2\repository\org\apache\maven\maven-artifact\3.8.4\maven-artifact-3.8.4.jar;C:\Users\thiag\.m2\repository\org\apache\commons\commons-lang3\3.8.1\commons-lang3-3.8.1.jar;C:\Users\thiag\.m2\repository\org\eclipse\sisu\org.eclipse.sisu.plexus\0.3.5\org.eclipse.sisu.plexus-0.3.5.jar;C:\Users\thiag\.m2\repository\javax\annotation\javax.annotation-api\1.2\javax.annotation-api-1.2.jar;C:\Users\thiag\.m2\repository\org\eclipse\sisu\org.eclipse.sisu.inject\0.3.5\org.eclipse.sisu.inject-0.3.5.jar;C:\Users\thiag\.m2\repository\org\codehaus\plexus\plexus-component-annotations\1.5.5\plexus-component-annotations-1.5.5.jar;C:\Users\thiag\.m2\repository\org\codehaus\plexus\plexus-classworlds\2.6.0\plexus-classworlds-2.6.0.jar;C:\Users\thiag\.m2\repository\com\google\code\gson\gson\2.8.9\gson-2.8.9.jar;C:\Users\thiag\.m2\repository\io\gsonfire\gson-fire\1.9.0-alpha2\gson-fire-1.9.0-alpha2.jar;C:\Users\thiag\.m2\repository\org\freemarker\freemarker\2.3.31\freemarker-2.3.31.jar;C:\Users\thiag\.m2\repository\org\codehaus\plexus\plexus-utils\3.4.1\plexus-utils-3.4.1.jar;C:\Users\thiag\.m2\repository\org\apache\maven\plugins\maven-surefire-plugin\3.0.0-M5\maven-surefire-plugin-3.0.0-M5.jar;C:\Users\thiag\.m2\repository\org\apache\maven\surefire\maven-surefire-common\3.0.0-M5\maven-surefire-common-3.0.0-M5.jar;C:\Users\thiag\.m2\repository\org\apache\maven\surefire\surefire-api\3.0.0-M5\surefire-api-3.0.0-M5.jar;C:\Users\thiag\.m2\repository\org\apache\maven\surefire\surefire-logger-api\3.0.0-M5\surefire-logger-api-3.0.0-M5.jar;C:\Users\thiag\.m2\repository\org\apache\maven\surefire\surefire-extensions-api\3.0.0-M5\surefire-extensions-api-3.0.0-M5.jar;C:\Users\thiag\.m2\repository\org\apache\maven\surefire\surefire-booter\3.0.0-M5\surefire-booter-3.0.0-M5.jar;C:\Users\thiag\.m2\repository\org\apache\maven\surefire\surefire-extensions-spi\3.0.0-M5\surefire-extensions-spi-3.0.0-M5.jar;C:\Users\thiag\.m2\repository\org\apache\maven\maven-toolchain\3.0-alpha-2\maven-toolchain-3.0-alpha-2.jar;C:\Users\thiag\.m2\repository\org\apache\maven\shared\maven-artifact-transfer\0.11.0\maven-artifact-transfer-0.11.0.jar;C:\Users\thiag\.m2\repository\org\apache\maven\shared\maven-common-artifact-filters\3.0.1\maven-common-artifact-filters-3.0.1.jar;C:\Users\thiag\.m2\repository\org\sonatype\sisu\sisu-inject-plexus\1.4.2\sisu-inject-plexus-1.4.2.jar;C:\Users\thiag\.m2\repository\org\sonatype\sisu\sisu-inject-bean\1.4.2\sisu-inject-bean-1.4.2.jar;C:\Users\thiag\.m2\repository\org\sonatype\sisu\sisu-guice\2.1.7\sisu-guice-2.1.7-noaop.jar;C:\Users\thiag\.m2\repository\org\apache\maven\shared\maven-shared-utils\3.1.0\maven-shared-utils-3.1.0.jar;C:\Users\thiag\.m2\repository\commons-io\commons-io\2.5\commons-io-2.5.jar;C:\Users\thiag\.m2\repository\commons-codec\commons-codec\1.11\commons-codec-1.11.jar;C:\Users\thiag\.m2\repository\org\codehaus\plexus\plexus-java\1.0.5\plexus-java-1.0.5.jar;C:\Users\thiag\.m2\repository\org\ow2\asm\asm\7.2\asm-7.2.jar;C:\Users\thiag\.m2\repository\com\thoughtworks\qdox\qdox\2.0-M9\qdox-2.0-M9.jar;C:\Users\thiag\.m2\repository\org\apache\maven\surefire\surefire-shared-utils\3.0.0-M4\surefire-shared-utils-3.0.0-M4.jar;"/>
    <property name="sun.cpu.endian" value="little"/>
    <property name="user.home" value="C:\Users\thiag"/>
    <property name="user.language" value="pt"/>
    <property name="java.specification.vendor" value="Oracle Corporation"/>
    <property name="java.home" value="C:\Program Files\Java\jdk1.8.0\jre"/>
    <property name="basedir" value="C:\Users\thiag\OneDrive\Documentos\Lyon\00. Cursos\99. Treinando automação\SoftExpert"/>
    <property name="file.separator" value="\"/>
    <property name="line.separator" value="&#10;"/>
    <property name="java.vm.specification.vendor" value="Oracle Corporation"/>
    <property name="java.specification.name" value="Java Platform API Specification"/>
    <property name="java.awt.graphicsenv" value="sun.awt.Win32GraphicsEnvironment"/>
    <property name="surefire.real.class.path" value="C:\Users\thiag\AppData\Local\Temp\surefire4298775854851788185\surefirebooter4449574285066591099.jar"/>
    <property name="sun.boot.class.path" value="C:\Program Files\Java\jdk1.8.0\jre\lib\resources.jar;C:\Program Files\Java\jdk1.8.0\jre\lib\rt.jar;C:\Program Files\Java\jdk1.8.0\jre\lib\sunrsasign.jar;C:\Program Files\Java\jdk1.8.0\jre\lib\jsse.jar;C:\Program Files\Java\jdk1.8.0\jre\lib\jce.jar;C:\Program Files\Java\jdk1.8.0\jre\lib\charsets.jar;C:\Program Files\Java\jdk1.8.0\jre\lib\jfr.jar;C:\Program Files\Java\jdk1.8.0\jre\classes"/>
    <property name="user.script" value=""/>
    <property name="sun.management.compiler" value="HotSpot 64-Bit Tiered Compilers"/>
    <property name="java.runtime.version" value="1.8.0-b132"/>
    <property name="user.name" value="thiag"/>
    <property name="path.separator" value=";"/>
    <property name="os.version" value="6.3"/>
    <property name="java.endorsed.dirs" value="C:\Program Files\Java\jdk1.8.0\jre\lib\endorsed"/>
    <property name="java.runtime.name" value="Java(TM) SE Runtime Environment"/>
    <property name="file.encoding" value="Cp1252"/>
    <property name="browser" value="chrome-ci"/>
    <property name="java.vm.name" value="Java HotSpot(TM) 64-Bit Server VM"/>
    <property name="localRepository" value="C:\Users\thiag\.m2\repository"/>
    <property name="java.vendor.url.bug" value="http://bugreport.sun.com/bugreport/"/>
    <property name="java.io.tmpdir" value="C:\Users\thiag\AppData\Local\Temp\"/>
    <property name="java.version" value="1.8.0"/>
    <property name="user.dir" value="C:\Users\thiag\OneDrive\Documentos\Lyon\00. Cursos\99. Treinando automação\SoftExpert"/>
    <property name="os.arch" value="amd64"/>
    <property name="java.vm.specification.name" value="Java Virtual Machine Specification"/>
    <property name="java.awt.printerjob" value="sun.awt.windows.WPrinterJob"/>
    <property name="sun.os.patch.level" value=""/>
    <property name="java.library.path" value="C:\Program Files\Java\jdk1.8.0\jre\bin;C:\Windows\Sun\Java\bin;C:\Windows\system32;C:\Windows;C:\Program Files (x86)\Common Files\Oracle\Java\javapath;C:\Windows\system32;C:\Windows;C:\Windows\System32\Wbem;C:\Windows\System32\WindowsPowerShell\v1.0\;C:\Windows\System32\OpenSSH\;C:\Program Files\dotnet\;C:\Program Files\NVIDIA Corporation\NVIDIA NvDLISR;C:\Program Files\Microsoft SQL Server\Client SDK\ODBC\110\Tools\Binn\;C:\Program Files (x86)\Microsoft SQL Server\80\Tools\Binn\;C:\Program Files (x86)\NVIDIA Corporation\PhysX\Common;C:\Program Files\nodejs\;C:\GCOM\Install\platform-tools_r33.0.3-windows\platform-tools;C:\Program Files\Git\cmd;C:\Program Files (x86)\Microsoft SQL Server\160\DTS\Binn\;C:\Program Files\Azure Data Studio\bin;C:\Users\thiag\OneDrive\Área de Trabalho\platform-tools;C:\Program Files\MySQL\MySQL Server 8.0\bin;C:\Users\thiag\OneDrive\Área de Trabalho\DriversCucumber\geckodriver-v0.33.0-win64;C:\Users\thiag\AppData\Local\Microsoft\WindowsApps;C:\apache-maven-3.8.6\bin;C:\Users\thiag\AppData\Roaming\npm;C:\Users\thiag\AppData\Local\Programs\Microsoft VS Code\bin;C:\Program Files\Azure Data Studio\bin;C:\Users\thiag\.dotnet\tools;."/>
    <property name="java.vm.info" value="mixed mode"/>
    <property name="java.vendor" value="Oracle Corporation"/>
    <property name="java.vm.version" value="25.0-b70"/>
    <property name="java.ext.dirs" value="C:\Program Files\Java\jdk1.8.0\jre\lib\ext;C:\Windows\Sun\Java\lib\ext"/>
    <property name="sun.io.unicode.encoding" value="UnicodeLittle"/>
    <property name="java.class.version" value="52.0"/>
  </properties>
  <testcase name="Acessando tela de contato do Brasil" classname="Acessando tela de contato da SoftExpert" time="83.218">
    <system-out><![CDATA[##################################
Vai validar mensagem: Encontre a solução ideal para a sua empresa
Validou mensagem: Encontre a solução ideal para a sua empresa
##################################
##################################
Vai clicar no elemento: By.xpath: //li[@id='menu-item-40353']/a[text()='Contato']
********** Aconteceu um erro ao tentar clicar no elemento: By.xpath: //li[@id='menu-item-40353']/a[text()='Contato']
org.openqa.selenium.TimeoutException: Expected condition failed: waiting for element to be clickable: By.xpath: //li[@id='menu-item-40353']/a[text()='Contato'] (tried for 15 second(s) with 500 milliseconds interval)
Build info: version: '3.141.59', revision: 'e82be7d358', time: '2018-11-14T08:17:03'
System info: host: 'LYON', ip: '192.168.0.104', os.name: 'Windows 8.1', os.arch: 'amd64', os.version: '6.3', java.version: '1.8.0'
Driver info: org.openqa.selenium.chrome.ChromeDriver
Capabilities {acceptInsecureCerts: false, browserName: chrome, browserVersion: 117.0.5938.92, chrome: {chromedriverVersion: 117.0.5938.92 (67649b10b92b..., userDataDir: C:\Users\thiag\AppData\Loca...}, fedcm:accounts: true, goog:chromeOptions: {debuggerAddress: localhost:65395}, javascriptEnabled: true, networkConnectionEnabled: false, pageLoadStrategy: normal, platform: WINDOWS, platformName: WINDOWS, proxy: Proxy(), setWindowRect: true, strictFileInteractability: false, timeouts: {implicit: 0, pageLoad: 300000, script: 30000}, unhandledPromptBehavior: dismiss and notify, webauthn:extension:credBlob: true, webauthn:extension:largeBlob: true, webauthn:extension:minPinLength: true, webauthn:extension:prf: true, webauthn:virtualAuthenticators: true}
Session ID: f7e16d053bcba674d9acebc88cb5eecc
##################################
##################################
Vai clicar no elemento: By.xpath: //a[@class='w-tabs-item-h']/span[text()='América do Sul']
********** Aconteceu um erro ao tentar clicar no elemento: By.xpath: //a[@class='w-tabs-item-h']/span[text()='América do Sul']
org.openqa.selenium.TimeoutException: Expected condition failed: waiting for element to be clickable: By.xpath: //a[@class='w-tabs-item-h']/span[text()='América do Sul'] (tried for 15 second(s) with 500 milliseconds interval)
##################################
##################################
Vai clicar no elemento: By.xpath: //div[@class='wpb_wrapper']/a[text()='Brasil']
********** Aconteceu um erro ao tentar clicar no elemento: By.xpath: //div[@class='wpb_wrapper']/a[text()='Brasil']
org.openqa.selenium.TimeoutException: Expected condition failed: waiting for element to be clickable: By.xpath: //div[@class='wpb_wrapper']/a[text()='Brasil'] (tried for 15 second(s) with 500 milliseconds interval)
##################################
##################################
Vai validar mensagem: Copyright © SoftExpert Software for Performance Excellence.
All trademarks, trade names, service marks, and logos referenced herein belong to their respective companies.
Validou mensagem: Copyright © SoftExpert Software for Performance Excellence.
All trademarks, trade names, service marks, and logos referenced herein belong to their respective companies.
##################################
===================
Teste executado: Acessando tela de contato do Brasil
Status: PASSED
Tag: [@contato, @contato-brasil]
===================
===================
Teste executado: Acessando tela de contato do Brasil
Status: PASSED
Tag: [@contato, @contato-brasil]
===================
]]></system-out>
    <system-err><![CDATA[Starting ChromeDriver 117.0.5938.92 (67649b10b92bb182fba357831ef7dd6a1baa5648-refs/branch-heads/5938_62@{#14}) on port 3903
Only local connections are allowed.
Please see https://chromedriver.chromium.org/security-considerations for suggestions on keeping ChromeDriver safe.
ChromeDriver was started successfully.
set 27, 2023 10:27:14 AM org.openqa.selenium.remote.ProtocolHandshake createSession
INFORMAÇÕES: Detected dialect: W3C
]]></system-err>
  </testcase>
</testsuite>